[2021-09-13 21:30:25.209] [exthost] [info] extension host started
[2021-09-13 21:30:25.265] [exthost] [info] Lock '/home/bseddiqi3/.vscode-server/data/User/workspaceStorage/2edcaeefe5c31199b8697f0543deb24d/vscode.lock': Lock acquired.
[2021-09-13 21:30:25.372] [exthost] [info] ExtensionService#_doActivateExtension ms-python.python {"startup":false,"extensionId":{"value":"ms-python.vscode-pylance","_lower":"ms-python.vscode-pylance"},"activationEvent":"onLanguage:python"}
[2021-09-13 21:30:25.372] [exthost] [info] ExtensionService#loadCommonJSModule file:///home/bseddiqi3/.vscode-server/extensions/ms-python.python-2021.8.1159798656/out/client/extension
[2021-09-13 21:30:25.989] [exthost] [info] ExtensionService#_doActivateExtension ms-toolsai.jupyter {"startup":false,"extensionId":{"value":"ms-toolsai.jupyter","_lower":"ms-toolsai.jupyter"},"activationEvent":"onLanguage:python"}
[2021-09-13 21:30:25.990] [exthost] [info] ExtensionService#loadCommonJSModule file:///home/bseddiqi3/.vscode-server/extensions/ms-toolsai.jupyter-2021.8.1054968649/out/client/extension
[2021-09-13 21:30:26.355] [exthost] [info] ExtensionService#_doActivateExtension vscode.emmet {"startup":false,"extensionId":{"value":"vscode.emmet","_lower":"vscode.emmet"},"activationEvent":"onLanguage:html"}
[2021-09-13 21:30:26.356] [exthost] [info] ExtensionService#loadCommonJSModule file:///home/bseddiqi3/.vscode-server/bin/c3f126316369cd610563c75b1b1725e0679adfb3/extensions/emmet/dist/node/emmetNodeMain
[2021-09-13 21:30:26.376] [exthost] [info] ExtensionService#_doActivateExtension vscode.html-language-features {"startup":false,"extensionId":{"value":"vscode.html-language-features","_lower":"vscode.html-language-features"},"activationEvent":"onLanguage:html"}
[2021-09-13 21:30:26.376] [exthost] [info] ExtensionService#loadCommonJSModule file:///home/bseddiqi3/.vscode-server/bin/c3f126316369cd610563c75b1b1725e0679adfb3/extensions/html-language-features/client/dist/node/htmlClientMain
[2021-09-13 21:30:26.411] [exthost] [info] ExtensionService#_doActivateExtension vscode.debug-auto-launch {"startup":true,"extensionId":{"value":"vscode.debug-auto-launch","_lower":"vscode.debug-auto-launch"},"activationEvent":"*"}
[2021-09-13 21:30:26.411] [exthost] [info] ExtensionService#loadCommonJSModule file:///home/bseddiqi3/.vscode-server/bin/c3f126316369cd610563c75b1b1725e0679adfb3/extensions/debug-auto-launch/dist/extension
[2021-09-13 21:30:26.420] [exthost] [info] ExtensionService#_doActivateExtension vscode.git {"startup":true,"extensionId":{"value":"vscode.github","_lower":"vscode.github"},"activationEvent":"*"}
[2021-09-13 21:30:26.421] [exthost] [info] ExtensionService#loadCommonJSModule file:///home/bseddiqi3/.vscode-server/bin/c3f126316369cd610563c75b1b1725e0679adfb3/extensions/git/dist/main
[2021-09-13 21:30:26.750] [exthost] [info] ExtensionService#_doActivateExtension vscode.github {"startup":true,"extensionId":{"value":"vscode.github","_lower":"vscode.github"},"activationEvent":"*"}
[2021-09-13 21:30:26.750] [exthost] [info] ExtensionService#loadCommonJSModule file:///home/bseddiqi3/.vscode-server/bin/c3f126316369cd610563c75b1b1725e0679adfb3/extensions/github/dist/extension.js
[2021-09-13 21:30:27.110] [exthost] [info] ExtensionService#_doActivateExtension vscode.merge-conflict {"startup":false,"extensionId":{"value":"vscode.merge-conflict","_lower":"vscode.merge-conflict"},"activationEvent":"onStartupFinished"}
[2021-09-13 21:30:27.111] [exthost] [info] ExtensionService#loadCommonJSModule file:///home/bseddiqi3/.vscode-server/bin/c3f126316369cd610563c75b1b1725e0679adfb3/extensions/merge-conflict/dist/mergeConflictMain
[2021-09-13 21:30:27.184] [exthost] [info] ExtensionService#_doActivateExtension vscode.testing-editor-contributions {"startup":false,"extensionId":{"value":"vscode.testing-editor-contributions","_lower":"vscode.testing-editor-contributions"},"activationEvent":"onStartupFinished"}
[2021-09-13 21:30:27.187] [exthost] [info] ExtensionService#loadCommonJSModule file:///home/bseddiqi3/.vscode-server/bin/c3f126316369cd610563c75b1b1725e0679adfb3/extensions/testing-editor-contributions/dist/extension.js
[2021-09-13 21:30:27.188] [exthost] [info] eager extensions activated
[2021-09-13 21:30:27.815] [exthost] [info] ExtensionService#_doActivateExtension ms-vscode.js-debug {"startup":false,"extensionId":{"value":"ms-vscode.js-debug","_lower":"ms-vscode.js-debug"},"activationEvent":"onCommand:extension.js-debug.clearAutoAttachVariables"}
[2021-09-13 21:30:27.816] [exthost] [info] ExtensionService#loadCommonJSModule file:///home/bseddiqi3/.vscode-server/bin/c3f126316369cd610563c75b1b1725e0679adfb3/extensions/ms-vscode.js-debug/src/extension.js
[2021-09-13 21:30:28.398] [exthost] [info] ExtensionService#_doActivateExtension ms-python.vscode-pylance {"startup":false,"extensionId":{"value":"ms-python.vscode-pylance","_lower":"ms-python.vscode-pylance"},"activationEvent":"onLanguage:python"}
[2021-09-13 21:30:28.399] [exthost] [info] ExtensionService#loadCommonJSModule file:///home/bseddiqi3/.vscode-server/extensions/ms-python.vscode-pylance-2021.9.1/dist/extension.bundle.js
[2021-09-13 22:14:33.697] [exthost] [info] extension host terminating: renderer disconnected for too long (2)
[2021-09-13 22:14:33.699] [exthost] [info] Lock '/home/bseddiqi3/.vscode-server/data/User/workspaceStorage/2edcaeefe5c31199b8697f0543deb24d/vscode.lock': Marking the lockfile as scheduled to be released in 6000 ms.
[2021-09-13 22:14:34.772] [exthost] [info] exiting with code 0
