Validating found git in: git
Using git 2.25.1 from git
> git rev-parse --git-dir
Open repository: /home/bseddiqi3
> git fetch
> git status -z -u
> git symbolic-ref --short HEAD
Auto packing the repository in background for optimum performance.
See "git help gc" for manual housekeeping.
warning: The last gc run reported the following. Please correct the root cause
and remove .git/gc.log.
Automatic cleanup will not be performed until the file is removed.

error: pack-objects died of signal 9
fatal: failed to run repack
> git for-each-ref --format=%(refname)%00%(upstream:short)%00%(objectname)%00%(upstream:track) refs/heads/main refs/remotes/main
> git for-each-ref --sort -committerdate --format %(refname) %(objectname) %(*objectname)
> git remote --verbose
Warning: Failed to watch ref '/home/bseddiqi3/.git/refs/remotes/origin/main', is most likely packed.
> git config --get commit.template
> git status -z -u
> git check-ignore -v -z --stdin
> git symbolic-ref --short HEAD
> git for-each-ref --format=%(refname)%00%(upstream:short)%00%(objectname)%00%(upstream:track) refs/heads/main refs/remotes/main
> git for-each-ref --sort -committerdate --format %(refname) %(objectname) %(*objectname)
> git remote --verbose
> git check-ignore -v -z --stdin
Warning: Failed to watch ref '/home/bseddiqi3/.git/refs/remotes/origin/main', is most likely packed.
> git config --get commit.template
> git show --textconv :hw6/main.py
> git ls-files --stage -- /home/bseddiqi3/hw6/main.py
> git cat-file -s d855956c5ddf3faad9aa1e19dd379658d164b2b8
> git status -z -u
> git ls-files --stage -- /home/bseddiqi3/hw6/main.py
> git show --textconv :hw6/main.py
