User belongs to experiment group 'pythonJoinMailingListVar2'
User belongs to experiment group 'pythonJediLSP'
User belongs to experiment group 'jupyterTest'
User belongs to experiment group 'pythonDiscoveryModuleWithoutWatcher'
User belongs to experiment group 'jupyterEnhancedDataViewer'
User belongs to experiment group 'pythonDeprecatePythonPath'
User belongs to experiment group 'pythonSortEnvs'
User belongs to experiment group 'pythonRefreshTestsButtonDisplayedcf'
User belongs to experiment group 'pythonRememberDebugConfigcf'
User belongs to experiment group 'NativeNotebookEditor'
Info 2021-09-09 19:26:08: ZMQ install verified.
Info 2021-09-09 19:26:09: id is 1b41ba4e-0c28-4e57-ab71-5337217a8a33
Info 2021-09-09 22:42:53: Shutting down notebooks for b6b721d8-b310-4f3e-9c94-e9564d4e5310
Info 2021-09-09 22:42:53: Disposing HostJupyterExecution 2e41061e-bdcf-4509-bd5b-5594530ead15
Info 2021-09-09 22:42:53: Disposing super HostJupyterExecution 2e41061e-bdcf-4509-bd5b-5594530ead15
Info 2021-09-09 22:42:53: Disposing HostJupyterExecution 2e41061e-bdcf-4509-bd5b-5594530ead15
Info 2021-09-09 22:42:53: Finished disposing HostJupyterExecution  2e41061e-bdcf-4509-bd5b-5594530ead15
Info 2021-09-09 22:42:53: Disposing HostJupyterExecution 2e41061e-bdcf-4509-bd5b-5594530ead15
Info 2021-09-09 22:42:53: Finished disposing HostJupyterExecution  2e41061e-bdcf-4509-bd5b-5594530ead15
Info 2021-09-09 22:42:53: Getting live share API during dispose HostJupyterExecution 2e41061e-bdcf-4509-bd5b-5594530ead15
Info 2021-09-09 22:42:53: Detaching HostJupyterExecution 2e41061e-bdcf-4509-bd5b-5594530ead15
Info 2021-09-09 22:42:53: Cleaning up server cache 2e41061e-bdcf-4509-bd5b-5594530ead15
Info 2021-09-09 22:42:53: Finished disposing HostJupyterExecution  2e41061e-bdcf-4509-bd5b-5594530ead15
