[2021-09-08 17:11:55.254] [exthost] [info] extension host started
[2021-09-08 17:11:55.377] [exthost] [info] ExtensionService#_doActivateExtension vscode.debug-auto-launch {"startup":true,"extensionId":{"value":"vscode.debug-auto-launch","_lower":"vscode.debug-auto-launch"},"activationEvent":"*"}
[2021-09-08 17:11:55.378] [exthost] [info] ExtensionService#loadCommonJSModule file:///home/bseddiqi3/.vscode-server/bin/c3f126316369cd610563c75b1b1725e0679adfb3/extensions/debug-auto-launch/dist/extension
[2021-09-08 17:11:55.383] [exthost] [info] ExtensionService#_doActivateExtension vscode.git {"startup":true,"extensionId":{"value":"vscode.github","_lower":"vscode.github"},"activationEvent":"*"}
[2021-09-08 17:11:55.383] [exthost] [info] ExtensionService#loadCommonJSModule file:///home/bseddiqi3/.vscode-server/bin/c3f126316369cd610563c75b1b1725e0679adfb3/extensions/git/dist/main
[2021-09-08 17:11:55.845] [exthost] [info] ExtensionService#_doActivateExtension vscode.github {"startup":true,"extensionId":{"value":"vscode.github","_lower":"vscode.github"},"activationEvent":"*"}
[2021-09-08 17:11:55.845] [exthost] [info] ExtensionService#loadCommonJSModule file:///home/bseddiqi3/.vscode-server/bin/c3f126316369cd610563c75b1b1725e0679adfb3/extensions/github/dist/extension.js
[2021-09-08 17:11:55.894] [exthost] [info] ExtensionService#_doActivateExtension vscode.emmet {"startup":false,"extensionId":{"value":"vscode.emmet","_lower":"vscode.emmet"},"activationEvent":"onStartupFinished"}
[2021-09-08 17:11:55.894] [exthost] [info] ExtensionService#loadCommonJSModule file:///home/bseddiqi3/.vscode-server/bin/c3f126316369cd610563c75b1b1725e0679adfb3/extensions/emmet/dist/node/emmetNodeMain
[2021-09-08 17:11:55.908] [exthost] [info] ExtensionService#_doActivateExtension vscode.merge-conflict {"startup":false,"extensionId":{"value":"vscode.merge-conflict","_lower":"vscode.merge-conflict"},"activationEvent":"onStartupFinished"}
[2021-09-08 17:11:55.908] [exthost] [info] ExtensionService#loadCommonJSModule file:///home/bseddiqi3/.vscode-server/bin/c3f126316369cd610563c75b1b1725e0679adfb3/extensions/merge-conflict/dist/mergeConflictMain
[2021-09-08 17:11:55.912] [exthost] [info] ExtensionService#_doActivateExtension vscode.testing-editor-contributions {"startup":false,"extensionId":{"value":"vscode.testing-editor-contributions","_lower":"vscode.testing-editor-contributions"},"activationEvent":"onStartupFinished"}
[2021-09-08 17:11:55.912] [exthost] [info] ExtensionService#loadCommonJSModule file:///home/bseddiqi3/.vscode-server/bin/c3f126316369cd610563c75b1b1725e0679adfb3/extensions/testing-editor-contributions/dist/extension.js
[2021-09-08 17:11:55.913] [exthost] [info] eager extensions activated
[2021-09-08 17:11:55.917] [exthost] [info] ExtensionService#_doActivateExtension ms-vscode.js-debug {"startup":false,"extensionId":{"value":"ms-vscode.js-debug","_lower":"ms-vscode.js-debug"},"activationEvent":"onCommand:extension.js-debug.clearAutoAttachVariables"}
[2021-09-08 17:11:55.917] [exthost] [info] ExtensionService#loadCommonJSModule file:///home/bseddiqi3/.vscode-server/bin/c3f126316369cd610563c75b1b1725e0679adfb3/extensions/ms-vscode.js-debug/src/extension.js
[2021-09-08 17:14:53.326] [exthost] [info] ExtensionService#_doActivateExtension ms-python.python {"startup":false,"extensionId":{"value":"ms-python.vscode-pylance","_lower":"ms-python.vscode-pylance"},"activationEvent":"onLanguage:python"}
[2021-09-08 17:14:53.327] [exthost] [info] ExtensionService#loadCommonJSModule file:///home/bseddiqi3/.vscode-server/extensions/ms-python.python-2021.8.1159798656/out/client/extension
[2021-09-08 17:14:53.745] [exthost] [info] ExtensionService#_doActivateExtension ms-toolsai.jupyter {"startup":false,"extensionId":{"value":"ms-toolsai.jupyter","_lower":"ms-toolsai.jupyter"},"activationEvent":"onLanguage:python"}
[2021-09-08 17:14:53.745] [exthost] [info] ExtensionService#loadCommonJSModule file:///home/bseddiqi3/.vscode-server/extensions/ms-toolsai.jupyter-2021.8.1054968649/out/client/extension
[2021-09-08 17:14:55.853] [exthost] [info] ExtensionService#_doActivateExtension ms-python.vscode-pylance {"startup":false,"extensionId":{"value":"ms-python.vscode-pylance","_lower":"ms-python.vscode-pylance"},"activationEvent":"onLanguage:python"}
[2021-09-08 17:14:55.854] [exthost] [info] ExtensionService#loadCommonJSModule file:///home/bseddiqi3/.vscode-server/extensions/ms-python.vscode-pylance-2021.9.0/dist/extension.bundle.js
[2021-09-08 17:14:59.327] [exthost] [error] [ms-python.python] provider FAILED
[2021-09-08 17:14:59.327] [exthost] [error] Canceled: Canceled
	at _.makeCancelError (/home/bseddiqi3/.vscode-server/extensions/ms-python.python-2021.8.1159798656/out/client/extension.js:9:155434)
	at _.handleFailedRequest (/home/bseddiqi3/.vscode-server/extensions/ms-python.python-2021.8.1159798656/out/client/extension.js:9:155285)
	at /home/bseddiqi3/.vscode-server/extensions/ms-python.python-2021.8.1159798656/out/client/extension.js:59:153599
[2021-09-08 17:14:59.330] [exthost] [error] [ms-python.python] provider FAILED
[2021-09-08 17:14:59.330] [exthost] [error] Canceled: Canceled
	at _.makeCancelError (/home/bseddiqi3/.vscode-server/extensions/ms-python.python-2021.8.1159798656/out/client/extension.js:9:155434)
	at _.handleFailedRequest (/home/bseddiqi3/.vscode-server/extensions/ms-python.python-2021.8.1159798656/out/client/extension.js:9:155285)
	at /home/bseddiqi3/.vscode-server/extensions/ms-python.python-2021.8.1159798656/out/client/extension.js:59:153599
[2021-09-08 17:14:59.594] [exthost] [error] [ms-python.python] provider FAILED
[2021-09-08 17:14:59.594] [exthost] [error] Canceled: Canceled
	at _.makeCancelError (/home/bseddiqi3/.vscode-server/extensions/ms-python.python-2021.8.1159798656/out/client/extension.js:9:155434)
	at _.handleFailedRequest (/home/bseddiqi3/.vscode-server/extensions/ms-python.python-2021.8.1159798656/out/client/extension.js:9:155285)
	at /home/bseddiqi3/.vscode-server/extensions/ms-python.python-2021.8.1159798656/out/client/extension.js:59:153599
[2021-09-08 17:14:59.615] [exthost] [error] [ms-python.python] provider FAILED
[2021-09-08 17:14:59.615] [exthost] [error] Canceled: Canceled
	at _.makeCancelError (/home/bseddiqi3/.vscode-server/extensions/ms-python.python-2021.8.1159798656/out/client/extension.js:9:155434)
	at _.handleFailedRequest (/home/bseddiqi3/.vscode-server/extensions/ms-python.python-2021.8.1159798656/out/client/extension.js:9:155285)
	at /home/bseddiqi3/.vscode-server/extensions/ms-python.python-2021.8.1159798656/out/client/extension.js:59:153599
[2021-09-08 17:17:19.936] [exthost] [error] [ms-python.python] provider FAILED
[2021-09-08 17:17:19.936] [exthost] [error] Canceled: Canceled
	at _.makeCancelError (/home/bseddiqi3/.vscode-server/extensions/ms-python.python-2021.8.1159798656/out/client/extension.js:9:155434)
	at _.handleFailedRequest (/home/bseddiqi3/.vscode-server/extensions/ms-python.python-2021.8.1159798656/out/client/extension.js:9:155285)
	at /home/bseddiqi3/.vscode-server/extensions/ms-python.python-2021.8.1159798656/out/client/extension.js:9:123146
[2021-09-08 17:21:08.993] [exthost] [error] [ms-python.python] provider FAILED
[2021-09-08 17:21:08.993] [exthost] [error] Canceled: Canceled
	at _.makeCancelError (/home/bseddiqi3/.vscode-server/extensions/ms-python.python-2021.8.1159798656/out/client/extension.js:9:155434)
	at _.handleFailedRequest (/home/bseddiqi3/.vscode-server/extensions/ms-python.python-2021.8.1159798656/out/client/extension.js:9:155285)
	at /home/bseddiqi3/.vscode-server/extensions/ms-python.python-2021.8.1159798656/out/client/extension.js:9:115627
[2021-09-08 17:32:08.055] [exthost] [info] ExtensionService#_doActivateExtension vscode.html-language-features {"startup":false,"extensionId":{"value":"vscode.html-language-features","_lower":"vscode.html-language-features"},"activationEvent":"onLanguage:html"}
[2021-09-08 17:32:08.057] [exthost] [info] ExtensionService#loadCommonJSModule file:///home/bseddiqi3/.vscode-server/bin/c3f126316369cd610563c75b1b1725e0679adfb3/extensions/html-language-features/client/dist/node/htmlClientMain
[2021-09-08 17:33:03.485] [exthost] [error] [ms-python.python] provider FAILED
[2021-09-08 17:33:03.485] [exthost] [error] Canceled: Canceled
	at _.makeCancelError (/home/bseddiqi3/.vscode-server/extensions/ms-python.python-2021.8.1159798656/out/client/extension.js:9:155434)
	at _.handleFailedRequest (/home/bseddiqi3/.vscode-server/extensions/ms-python.python-2021.8.1159798656/out/client/extension.js:9:155285)
	at /home/bseddiqi3/.vscode-server/extensions/ms-python.python-2021.8.1159798656/out/client/extension.js:9:116615
[2021-09-08 17:33:04.005] [exthost] [error] [ms-python.python] provider FAILED
[2021-09-08 17:33:04.005] [exthost] [error] Canceled: Canceled
	at _.makeCancelError (/home/bseddiqi3/.vscode-server/extensions/ms-python.python-2021.8.1159798656/out/client/extension.js:9:155434)
	at _.handleFailedRequest (/home/bseddiqi3/.vscode-server/extensions/ms-python.python-2021.8.1159798656/out/client/extension.js:9:155285)
	at /home/bseddiqi3/.vscode-server/extensions/ms-python.python-2021.8.1159798656/out/client/extension.js:9:123146
[2021-09-08 17:33:15.555] [exthost] [error] [ms-python.python] provider FAILED
[2021-09-08 17:33:15.555] [exthost] [error] Canceled: Canceled
	at _.makeCancelError (/home/bseddiqi3/.vscode-server/extensions/ms-python.python-2021.8.1159798656/out/client/extension.js:9:155434)
	at _.handleFailedRequest (/home/bseddiqi3/.vscode-server/extensions/ms-python.python-2021.8.1159798656/out/client/extension.js:9:155285)
	at /home/bseddiqi3/.vscode-server/extensions/ms-python.python-2021.8.1159798656/out/client/extension.js:9:114835
	at async M.resolveCompletionItem (/home/bseddiqi3/.vscode-server/bin/c3f126316369cd610563c75b1b1725e0679adfb3/out/vs/server/remoteExtensionHostProcess.js:84:184223)
[2021-09-08 17:33:25.471] [exthost] [warning] ms-python.python - Code actions of kind 'quickfix 'requested but returned code action is of kind 'refactor.extract'. Code action will be dropped. Please check 'CodeActionContext.only' to only return requested code actions.
[2021-09-08 18:01:31.281] [exthost] [info] ExtensionService#_doActivateExtension vscode.debug-server-ready {"startup":false,"extensionId":{"value":"vscode.debug-server-ready","_lower":"vscode.debug-server-ready"},"activationEvent":"onDebugResolve"}
[2021-09-08 18:01:31.281] [exthost] [info] ExtensionService#loadCommonJSModule file:///home/bseddiqi3/.vscode-server/bin/c3f126316369cd610563c75b1b1725e0679adfb3/extensions/debug-server-ready/dist/extension
[2021-09-08 18:03:06.990] [exthost] [info] extension host terminating: received terminate message from renderer
[2021-09-08 18:03:08.028] [exthost] [info] exiting with code 0
