[2021-09-16 16:53:48.548] [exthost] [info] extension host started
[2021-09-16 16:53:48.948] [exthost] [info] ExtensionService#_doActivateExtension vscode.debug-auto-launch {"startup":true,"extensionId":{"value":"vscode.debug-auto-launch","_lower":"vscode.debug-auto-launch"},"activationEvent":"*"}
[2021-09-16 16:53:48.949] [exthost] [info] ExtensionService#loadCommonJSModule file:///home/bseddiqi3/.vscode-server/bin/c3f126316369cd610563c75b1b1725e0679adfb3/extensions/debug-auto-launch/dist/extension
[2021-09-16 16:53:48.955] [exthost] [info] ExtensionService#_doActivateExtension vscode.git {"startup":true,"extensionId":{"value":"vscode.github","_lower":"vscode.github"},"activationEvent":"*"}
[2021-09-16 16:53:48.955] [exthost] [info] ExtensionService#loadCommonJSModule file:///home/bseddiqi3/.vscode-server/bin/c3f126316369cd610563c75b1b1725e0679adfb3/extensions/git/dist/main
[2021-09-16 16:53:49.386] [exthost] [info] ExtensionService#_doActivateExtension vscode.github {"startup":true,"extensionId":{"value":"vscode.github","_lower":"vscode.github"},"activationEvent":"*"}
[2021-09-16 16:53:49.386] [exthost] [info] ExtensionService#loadCommonJSModule file:///home/bseddiqi3/.vscode-server/bin/c3f126316369cd610563c75b1b1725e0679adfb3/extensions/github/dist/extension.js
[2021-09-16 16:53:49.462] [exthost] [info] ExtensionService#_doActivateExtension vscode.emmet {"startup":false,"extensionId":{"value":"vscode.emmet","_lower":"vscode.emmet"},"activationEvent":"onStartupFinished"}
[2021-09-16 16:53:49.462] [exthost] [info] ExtensionService#loadCommonJSModule file:///home/bseddiqi3/.vscode-server/bin/c3f126316369cd610563c75b1b1725e0679adfb3/extensions/emmet/dist/node/emmetNodeMain
[2021-09-16 16:53:49.476] [exthost] [info] ExtensionService#_doActivateExtension vscode.merge-conflict {"startup":false,"extensionId":{"value":"vscode.merge-conflict","_lower":"vscode.merge-conflict"},"activationEvent":"onStartupFinished"}
[2021-09-16 16:53:49.476] [exthost] [info] ExtensionService#loadCommonJSModule file:///home/bseddiqi3/.vscode-server/bin/c3f126316369cd610563c75b1b1725e0679adfb3/extensions/merge-conflict/dist/mergeConflictMain
[2021-09-16 16:53:49.482] [exthost] [info] ExtensionService#_doActivateExtension vscode.testing-editor-contributions {"startup":false,"extensionId":{"value":"vscode.testing-editor-contributions","_lower":"vscode.testing-editor-contributions"},"activationEvent":"onStartupFinished"}
[2021-09-16 16:53:49.482] [exthost] [info] ExtensionService#loadCommonJSModule file:///home/bseddiqi3/.vscode-server/bin/c3f126316369cd610563c75b1b1725e0679adfb3/extensions/testing-editor-contributions/dist/extension.js
[2021-09-16 16:53:49.483] [exthost] [info] eager extensions activated
[2021-09-16 16:53:49.522] [exthost] [info] ExtensionService#_doActivateExtension ms-vscode.js-debug {"startup":false,"extensionId":{"value":"ms-vscode.js-debug","_lower":"ms-vscode.js-debug"},"activationEvent":"onCommand:extension.js-debug.clearAutoAttachVariables"}
[2021-09-16 16:53:49.522] [exthost] [info] ExtensionService#loadCommonJSModule file:///home/bseddiqi3/.vscode-server/bin/c3f126316369cd610563c75b1b1725e0679adfb3/extensions/ms-vscode.js-debug/src/extension.js
[2021-09-16 16:54:00.516] [exthost] [info] ExtensionService#_doActivateExtension ms-python.python {"startup":false,"extensionId":{"value":"ms-python.vscode-pylance","_lower":"ms-python.vscode-pylance"},"activationEvent":"onLanguage:python"}
[2021-09-16 16:54:00.516] [exthost] [info] ExtensionService#loadCommonJSModule file:///home/bseddiqi3/.vscode-server/extensions/ms-python.python-2021.8.1159798656/out/client/extension
[2021-09-16 16:54:00.930] [exthost] [info] ExtensionService#_doActivateExtension ms-toolsai.jupyter {"startup":false,"extensionId":{"value":"ms-toolsai.jupyter","_lower":"ms-toolsai.jupyter"},"activationEvent":"onLanguage:python"}
[2021-09-16 16:54:00.930] [exthost] [info] ExtensionService#loadCommonJSModule file:///home/bseddiqi3/.vscode-server/extensions/ms-toolsai.jupyter-2021.8.1054968649/out/client/extension
[2021-09-16 16:54:03.327] [exthost] [info] ExtensionService#_doActivateExtension ms-python.vscode-pylance {"startup":false,"extensionId":{"value":"ms-python.vscode-pylance","_lower":"ms-python.vscode-pylance"},"activationEvent":"onLanguage:python"}
[2021-09-16 16:54:03.327] [exthost] [info] ExtensionService#loadCommonJSModule file:///home/bseddiqi3/.vscode-server/extensions/ms-python.vscode-pylance-2021.9.1/dist/extension.bundle.js
[2021-09-16 16:54:13.647] [exthost] [warning] [Decorations] CAPPING events from decorations provider vscode.git 5000
[2021-09-16 16:54:15.435] [exthost] [warning] [Decorations] CAPPING events from decorations provider vscode.git 5001
[2021-09-16 16:57:15.981] [exthost] [error] [ms-python.python] provider FAILED
[2021-09-16 16:57:15.981] [exthost] [error] Canceled: Canceled
	at _.makeCancelError (/home/bseddiqi3/.vscode-server/extensions/ms-python.python-2021.8.1159798656/out/client/extension.js:9:155434)
	at _.handleFailedRequest (/home/bseddiqi3/.vscode-server/extensions/ms-python.python-2021.8.1159798656/out/client/extension.js:9:155285)
	at /home/bseddiqi3/.vscode-server/extensions/ms-python.python-2021.8.1159798656/out/client/extension.js:9:116615
[2021-09-16 16:57:16.283] [exthost] [warning] [Decorations] CAPPING events from decorations provider vscode.git 5000
[2021-09-16 16:57:18.675] [exthost] [error] [ms-python.python] provider FAILED
[2021-09-16 16:57:18.675] [exthost] [error] Canceled: Canceled
	at _.makeCancelError (/home/bseddiqi3/.vscode-server/extensions/ms-python.python-2021.8.1159798656/out/client/extension.js:9:155434)
	at _.handleFailedRequest (/home/bseddiqi3/.vscode-server/extensions/ms-python.python-2021.8.1159798656/out/client/extension.js:9:155285)
	at /home/bseddiqi3/.vscode-server/extensions/ms-python.python-2021.8.1159798656/out/client/extension.js:9:116615
[2021-09-16 16:57:18.732] [exthost] [error] [ms-python.python] provider FAILED
[2021-09-16 16:57:18.732] [exthost] [error] Canceled: Canceled
	at _.makeCancelError (/home/bseddiqi3/.vscode-server/extensions/ms-python.python-2021.8.1159798656/out/client/extension.js:9:155434)
	at _.handleFailedRequest (/home/bseddiqi3/.vscode-server/extensions/ms-python.python-2021.8.1159798656/out/client/extension.js:9:155285)
	at /home/bseddiqi3/.vscode-server/extensions/ms-python.python-2021.8.1159798656/out/client/extension.js:9:116615
[2021-09-16 16:57:18.733] [exthost] [error] [ms-python.python] provider FAILED
[2021-09-16 16:57:18.733] [exthost] [error] Canceled: Canceled
	at _.makeCancelError (/home/bseddiqi3/.vscode-server/extensions/ms-python.python-2021.8.1159798656/out/client/extension.js:9:155434)
	at _.handleFailedRequest (/home/bseddiqi3/.vscode-server/extensions/ms-python.python-2021.8.1159798656/out/client/extension.js:9:155285)
	at /home/bseddiqi3/.vscode-server/extensions/ms-python.python-2021.8.1159798656/out/client/extension.js:9:123146
[2021-09-16 16:57:18.738] [exthost] [error] [ms-python.python] provider FAILED
[2021-09-16 16:57:18.738] [exthost] [error] Canceled: Canceled
	at _.makeCancelError (/home/bseddiqi3/.vscode-server/extensions/ms-python.python-2021.8.1159798656/out/client/extension.js:9:155434)
	at _.handleFailedRequest (/home/bseddiqi3/.vscode-server/extensions/ms-python.python-2021.8.1159798656/out/client/extension.js:9:155285)
	at /home/bseddiqi3/.vscode-server/extensions/ms-python.python-2021.8.1159798656/out/client/extension.js:9:116615
[2021-09-16 17:00:34.626] [exthost] [warning] [Decorations] CAPPING events from decorations provider vscode.git 5000
[2021-09-16 17:03:14.871] [exthost] [error] [ms-python.python] provider FAILED
[2021-09-16 17:03:14.872] [exthost] [error] Canceled: Canceled
	at _.makeCancelError (/home/bseddiqi3/.vscode-server/extensions/ms-python.python-2021.8.1159798656/out/client/extension.js:9:155434)
	at _.handleFailedRequest (/home/bseddiqi3/.vscode-server/extensions/ms-python.python-2021.8.1159798656/out/client/extension.js:9:155285)
	at /home/bseddiqi3/.vscode-server/extensions/ms-python.python-2021.8.1159798656/out/client/extension.js:9:123146
[2021-09-16 17:03:22.179] [exthost] [error] [ms-python.python] provider FAILED
[2021-09-16 17:03:22.179] [exthost] [error] Canceled: Canceled
	at _.makeCancelError (/home/bseddiqi3/.vscode-server/extensions/ms-python.python-2021.8.1159798656/out/client/extension.js:9:155434)
	at _.handleFailedRequest (/home/bseddiqi3/.vscode-server/extensions/ms-python.python-2021.8.1159798656/out/client/extension.js:9:155285)
	at /home/bseddiqi3/.vscode-server/extensions/ms-python.python-2021.8.1159798656/out/client/extension.js:9:114835
	at async M.resolveCompletionItem (/home/bseddiqi3/.vscode-server/bin/c3f126316369cd610563c75b1b1725e0679adfb3/out/vs/server/remoteExtensionHostProcess.js:84:184223)
[2021-09-16 17:03:37.251] [exthost] [warning] [Decorations] CAPPING events from decorations provider vscode.git 5000
[2021-09-16 17:05:31.291] [exthost] [error] [ms-python.python] provider FAILED
[2021-09-16 17:05:31.291] [exthost] [error] Canceled: Canceled
	at _.makeCancelError (/home/bseddiqi3/.vscode-server/extensions/ms-python.python-2021.8.1159798656/out/client/extension.js:9:155434)
	at _.handleFailedRequest (/home/bseddiqi3/.vscode-server/extensions/ms-python.python-2021.8.1159798656/out/client/extension.js:9:155285)
	at /home/bseddiqi3/.vscode-server/extensions/ms-python.python-2021.8.1159798656/out/client/extension.js:9:123146
[2021-09-16 17:06:39.896] [exthost] [warning] [Decorations] CAPPING events from decorations provider vscode.git 5000
[2021-09-16 17:10:32.467] [exthost] [warning] [Decorations] CAPPING events from decorations provider vscode.git 5000
[2021-09-16 17:11:09.392] [exthost] [error] [ms-python.python] provider FAILED
[2021-09-16 17:11:09.392] [exthost] [error] Canceled: Canceled
	at _.makeCancelError (/home/bseddiqi3/.vscode-server/extensions/ms-python.python-2021.8.1159798656/out/client/extension.js:9:155434)
	at _.handleFailedRequest (/home/bseddiqi3/.vscode-server/extensions/ms-python.python-2021.8.1159798656/out/client/extension.js:9:155285)
	at /home/bseddiqi3/.vscode-server/extensions/ms-python.python-2021.8.1159798656/out/client/extension.js:9:115627
[2021-09-16 17:11:16.046] [exthost] [error] [ms-python.python] provider FAILED
[2021-09-16 17:11:16.046] [exthost] [error] Canceled: Canceled
	at _.makeCancelError (/home/bseddiqi3/.vscode-server/extensions/ms-python.python-2021.8.1159798656/out/client/extension.js:9:155434)
	at _.handleFailedRequest (/home/bseddiqi3/.vscode-server/extensions/ms-python.python-2021.8.1159798656/out/client/extension.js:9:155285)
	at /home/bseddiqi3/.vscode-server/extensions/ms-python.python-2021.8.1159798656/out/client/extension.js:9:115627
[2021-09-16 17:13:34.923] [exthost] [warning] [Decorations] CAPPING events from decorations provider vscode.git 5000
[2021-09-16 17:18:21.469] [exthost] [warning] [Decorations] CAPPING events from decorations provider vscode.git 5000
[2021-09-16 17:20:10.148] [exthost] [error] [ms-python.python] provider FAILED
[2021-09-16 17:20:10.148] [exthost] [error] Canceled: Canceled
	at _.makeCancelError (/home/bseddiqi3/.vscode-server/extensions/ms-python.python-2021.8.1159798656/out/client/extension.js:9:155434)
	at _.handleFailedRequest (/home/bseddiqi3/.vscode-server/extensions/ms-python.python-2021.8.1159798656/out/client/extension.js:9:155285)
	at /home/bseddiqi3/.vscode-server/extensions/ms-python.python-2021.8.1159798656/out/client/extension.js:9:115627
[2021-09-16 17:25:09.991] [exthost] [warning] [Decorations] CAPPING events from decorations provider vscode.git 5000
[2021-09-16 20:57:51.917] [exthost] [warning] [Decorations] CAPPING events from decorations provider vscode.git 5001
[2021-09-16 21:08:50.276] [exthost] [warning] [Decorations] CAPPING events from decorations provider vscode.git 5000
[2021-09-16 21:16:18.529] [exthost] [warning] [Decorations] CAPPING events from decorations provider vscode.git 5000
[2021-09-16 21:17:21.668] [exthost] [error] [ms-python.python] provider FAILED
[2021-09-16 21:17:21.668] [exthost] [error] Canceled: Canceled
	at _.makeCancelError (/home/bseddiqi3/.vscode-server/extensions/ms-python.python-2021.8.1159798656/out/client/extension.js:9:155434)
	at _.handleFailedRequest (/home/bseddiqi3/.vscode-server/extensions/ms-python.python-2021.8.1159798656/out/client/extension.js:9:155285)
	at /home/bseddiqi3/.vscode-server/extensions/ms-python.python-2021.8.1159798656/out/client/extension.js:9:123146
[2021-09-16 21:20:42.490] [exthost] [warning] [Decorations] CAPPING events from decorations provider vscode.git 5001
[2021-09-16 21:23:47.153] [exthost] [warning] [Decorations] CAPPING events from decorations provider vscode.git 5001
[2021-09-16 21:26:38.681] [exthost] [error] [ms-python.python] provider FAILED
[2021-09-16 21:26:38.681] [exthost] [error] Canceled: Canceled
	at _.makeCancelError (/home/bseddiqi3/.vscode-server/extensions/ms-python.python-2021.8.1159798656/out/client/extension.js:9:155434)
	at _.handleFailedRequest (/home/bseddiqi3/.vscode-server/extensions/ms-python.python-2021.8.1159798656/out/client/extension.js:9:155285)
	at /home/bseddiqi3/.vscode-server/extensions/ms-python.python-2021.8.1159798656/out/client/extension.js:9:115627
[2021-09-16 21:26:47.690] [exthost] [warning] [Decorations] CAPPING events from decorations provider vscode.git 5000
[2021-09-16 21:27:35.344] [exthost] [error] [ms-python.python] provider FAILED
[2021-09-16 21:27:35.344] [exthost] [error] Canceled: Canceled
	at _.makeCancelError (/home/bseddiqi3/.vscode-server/extensions/ms-python.python-2021.8.1159798656/out/client/extension.js:9:155434)
	at _.handleFailedRequest (/home/bseddiqi3/.vscode-server/extensions/ms-python.python-2021.8.1159798656/out/client/extension.js:9:155285)
	at /home/bseddiqi3/.vscode-server/extensions/ms-python.python-2021.8.1159798656/out/client/extension.js:9:123146
[2021-09-16 21:27:53.925] [exthost] [error] [ms-python.python] provider FAILED
[2021-09-16 21:27:53.925] [exthost] [error] Canceled: Canceled
	at _.makeCancelError (/home/bseddiqi3/.vscode-server/extensions/ms-python.python-2021.8.1159798656/out/client/extension.js:9:155434)
	at _.handleFailedRequest (/home/bseddiqi3/.vscode-server/extensions/ms-python.python-2021.8.1159798656/out/client/extension.js:9:155285)
	at /home/bseddiqi3/.vscode-server/extensions/ms-python.python-2021.8.1159798656/out/client/extension.js:9:114835
	at async M.resolveCompletionItem (/home/bseddiqi3/.vscode-server/bin/c3f126316369cd610563c75b1b1725e0679adfb3/out/vs/server/remoteExtensionHostProcess.js:84:184223)
[2021-09-16 21:28:03.423] [exthost] [error] [ms-python.python] provider FAILED
[2021-09-16 21:28:03.423] [exthost] [error] Canceled: Canceled
	at _.makeCancelError (/home/bseddiqi3/.vscode-server/extensions/ms-python.python-2021.8.1159798656/out/client/extension.js:9:155434)
	at _.handleFailedRequest (/home/bseddiqi3/.vscode-server/extensions/ms-python.python-2021.8.1159798656/out/client/extension.js:9:155285)
	at /home/bseddiqi3/.vscode-server/extensions/ms-python.python-2021.8.1159798656/out/client/extension.js:9:123146
[2021-09-16 22:07:34.884] [exthost] [info] extension host terminating: renderer disconnected for too long (2)
[2021-09-16 22:07:35.916] [exthost] [info] exiting with code 0
