Validating found git in: git
Using git 2.25.1 from git
> git rev-parse --git-dir
Open repository: /home/bseddiqi3
> git fetch
> git status -z -u
> git check-ignore -v -z --stdin
> git check-ignore -v -z --stdin
> git log --format=%H%n%aN%n%aE%n%at%n%ct%n%P%n%B -z -n21 -- /home/bseddiqi3/hw5/templates/index.html
> git log --format=%H%n%aN%n%aE%n%at%n%ct%n%P%n%B -z -n21 -- /home/bseddiqi3/hw5/templates/index.html
> git log --format=%H%n%aN%n%aE%n%at%n%ct%n%P%n%B -z -n21 -- /home/bseddiqi3/hw5/templates/index.html
> git check-ignore -v -z --stdin
> git check-ignore -v -z --stdin
> git log --format=%H%n%aN%n%aE%n%at%n%ct%n%P%n%B -z -n21 -- /home/bseddiqi3/hw5/templates/index.html
> git check-ignore -v -z --stdin
> git check-ignore -v -z --stdin
> git check-ignore -v -z --stdin
> git log --format=%H%n%aN%n%aE%n%at%n%ct%n%P%n%B -z -n21 -- /home/bseddiqi3/hw5/templates/index.html
Opening repository for path='/home/bseddiqi3' failed; ex=Canceled: Canceled
Open repository: /home/bseddiqi3
Opening repository for path='/home/bseddiqi3/hw5' failed; ex=Canceled: Canceled
