User belongs to experiment group 'pythonJoinMailingListVar2'
User belongs to experiment group 'pythonJediLSP'
User belongs to experiment group 'jupyterTest'
User belongs to experiment group 'pythonDiscoveryModuleWithoutWatcher'
User belongs to experiment group 'jupyterEnhancedDataViewer'
User belongs to experiment group 'pythonDeprecatePythonPath'
User belongs to experiment group 'pythonSortEnvs'
User belongs to experiment group 'pythonRunFailedTestsButtonDisplayed'
User belongs to experiment group 'pythonRefreshTestsButtonDisplayedcf'
User belongs to experiment group 'pythonRememberDebugConfigcf'
User belongs to experiment group 'NativeNotebookEditor'
Info 2021-09-13 21:30:27: ZMQ install verified.
Info 2021-09-13 21:30:27: id is a2f50724-5ba4-4677-98da-b13e3fa37522
Info 2021-09-13 22:14:33: Shutting down notebooks for 9654d260-1fa6-4d88-81b1-5fac9f55d757
Info 2021-09-13 22:14:33: Disposing HostJupyterExecution 0046dc41-c4db-4c82-aedf-425301221b05
Info 2021-09-13 22:14:33: Disposing super HostJupyterExecution 0046dc41-c4db-4c82-aedf-425301221b05
Info 2021-09-13 22:14:33: Disposing HostJupyterExecution 0046dc41-c4db-4c82-aedf-425301221b05
Info 2021-09-13 22:14:33: Finished disposing HostJupyterExecution  0046dc41-c4db-4c82-aedf-425301221b05
Info 2021-09-13 22:14:33: Disposing HostJupyterExecution 0046dc41-c4db-4c82-aedf-425301221b05
Info 2021-09-13 22:14:33: Finished disposing HostJupyterExecution  0046dc41-c4db-4c82-aedf-425301221b05
Info 2021-09-13 22:14:33: Getting live share API during dispose HostJupyterExecution 0046dc41-c4db-4c82-aedf-425301221b05
Info 2021-09-13 22:14:33: Detaching HostJupyterExecution 0046dc41-c4db-4c82-aedf-425301221b05
Info 2021-09-13 22:14:33: Cleaning up server cache 0046dc41-c4db-4c82-aedf-425301221b05
Info 2021-09-13 22:14:33: Finished disposing HostJupyterExecution  0046dc41-c4db-4c82-aedf-425301221b05
